2023-04-04 17:34:13,561 [INFO] Activator:176 - 


2023-04-04 17:34:13,566 [INFO] Activator:177 - !SESSION log4j initialized
2023-04-04 17:34:15,649 [ERROR] LogOutputStream:75 - [STDERR_REDIRECT] 
2023-04-04 17:34:17,734 [INFO] LogOutputStream:77 - [STDOUT_REDIRECT] 
2023-04-04 17:34:20,119 [INFO] LogOutputStream:77 - [STDOUT_REDIRECT] 
2023-04-04 17:34:42,983 [ERROR] LogOutputStream:75 - [STDERR_REDIRECT] SLF4J: Failed to load class "org.slf4j.impl.StaticLoggerBinder".
2023-04-04 17:34:42,983 [ERROR] LogOutputStream:75 - [STDERR_REDIRECT] SLF4J: Defaulting to no-operation (NOP) logger implementation
2023-04-04 17:34:42,984 [ERROR] LogOutputStream:75 - [STDERR_REDIRECT] SLF4J: See http://www.slf4j.org/codes.html#StaticLoggerBinder for further details.
2023-04-04 17:34:53,366 [INFO] McuFinderGlobals:53 - Set McuFinder mode to 2 (CubeIDE integrated)
2023-04-04 17:34:53,684 [INFO] ApplicationProperties:184 - Using Application install path: /Applications/STM32CubeIDE.app/Contents/Eclipse/plugins/com.st.stm32cube.common.mx_6.8.0.202302231600
2023-04-04 17:34:53,719 [INFO] DbMcusXml:78 - Set database path to: /Applications/STM32CubeIDE.app/Contents/Eclipse/plugins/com.st.stm32cube.common.mx_6.8.0.202302231600//db//mcu/
2023-04-04 17:34:53,720 [INFO] ApiDb:274 - Set plugin database path to: /Applications/STM32CubeIDE.app/Contents/Eclipse/plugins/com.st.stm32cube.common.mx_6.8.0.202302231600//db//plugins/boardmanager/
2023-04-04 17:34:53,723 [WARN] ApiDb:259 - Overriding images path with different value:  => /Applications/STM32CubeIDE.app/Contents/Eclipse/plugins/com.st.stm32cube.common.mx_6.8.0.202302231600//db//plugins/mcufinder/images/
2023-04-04 17:34:53,766 [INFO] ApiDb:250 - Set database path to: /Users/ziadayman/.stmcufinder/plugins/mcufinder//mcu/
2023-04-04 17:34:53,768 [INFO] DbMcusAds:125 - Set database path to: /Users/ziadayman/.stmcufinder/plugins/mcufinder//mcu/
2023-04-04 17:34:53,776 [INFO] CrossReferenceDbSqlite:203 - Set database path to: /Users/ziadayman/.stmcufinder/plugins/mcufinder//mcu/cs/
2023-04-04 17:34:53,984 [INFO] RulesReader:64 - Compatibility file has been processed (293 Rules)
2023-04-04 17:34:54,123 [INFO] DbMcusXml:78 - Set database path to: /Applications/STM32CubeIDE.app/Contents/Eclipse/plugins/com.st.stm32cube.common.mx_6.8.0.202302231600//db//mcu/
2023-04-04 17:34:54,123 [INFO] ApiDb:274 - Set plugin database path to: /Applications/STM32CubeIDE.app/Contents/Eclipse/plugins/com.st.stm32cube.common.mx_6.8.0.202302231600//db//plugins/boardmanager/
2023-04-04 17:34:54,124 [INFO] ApiDb:261 - Set plugin images path to: /Applications/STM32CubeIDE.app/Contents/Eclipse/plugins/com.st.stm32cube.common.mx_6.8.0.202302231600//db//plugins/mcufinder/images/
2023-04-04 17:34:54,124 [WARN] DbFile:41 - Overriding database path with different value: /Users/ziadayman/.stmcufinder/plugins/mcufinder/ => /Users/ziadayman/.stmcufinder/plugins/mcufinder
2023-04-04 17:34:54,124 [INFO] ApiDb:250 - Set database path to: /Users/ziadayman/.stmcufinder/plugins/mcufinder//mcu/
2023-04-04 17:34:54,124 [WARN] DbFile:41 - Overriding database path with different value: /Users/ziadayman/.stmcufinder/plugins/mcufinder/ => /Users/ziadayman/.stmcufinder/plugins/mcufinder
2023-04-04 17:34:54,125 [INFO] DbMcusAds:125 - Set database path to: /Users/ziadayman/.stmcufinder/plugins/mcufinder//mcu/
2023-04-04 17:34:54,125 [WARN] DbFile:41 - Overriding database path with different value: /Users/ziadayman/.stmcufinder/plugins/mcufinder/ => /Users/ziadayman/.stmcufinder/plugins/mcufinder
2023-04-04 17:34:54,125 [WARN] DbFile:41 - Overriding database path with different value: /Users/ziadayman/.stmcufinder/plugins/mcufinder/ => /Users/ziadayman/.stmcufinder/plugins/mcufinder
2023-04-04 17:34:54,125 [INFO] CrossReferenceDbSqlite:203 - Set database path to: /Users/ziadayman/.stmcufinder/plugins/mcufinder//mcu/cs/
2023-04-04 17:34:54,293 [INFO] MainPanel:253 - HeapMemory: 268435456
2023-04-04 17:34:54,695 [INFO] DbMcusXml:78 - Set database path to: /Applications/STM32CubeIDE.app/Contents/Eclipse/plugins/com.st.stm32cube.common.mx_6.8.0.202302231600//db//mcu/
2023-04-04 17:34:54,695 [INFO] ApiDb:274 - Set plugin database path to: /Applications/STM32CubeIDE.app/Contents/Eclipse/plugins/com.st.stm32cube.common.mx_6.8.0.202302231600//db//plugins/boardmanager/
2023-04-04 17:34:54,695 [INFO] ApiDb:261 - Set plugin images path to: /Applications/STM32CubeIDE.app/Contents/Eclipse/plugins/com.st.stm32cube.common.mx_6.8.0.202302231600//db//plugins/mcufinder/images/
2023-04-04 17:34:54,697 [WARN] DbFile:41 - Overriding database path with different value: /Users/ziadayman/.stmcufinder/plugins/mcufinder/ => /Users/ziadayman/.stmcufinder/plugins/mcufinder
2023-04-04 17:34:54,697 [INFO] ApiDb:250 - Set database path to: /Users/ziadayman/.stmcufinder/plugins/mcufinder//mcu/
2023-04-04 17:34:54,697 [WARN] DbFile:41 - Overriding database path with different value: /Users/ziadayman/.stmcufinder/plugins/mcufinder/ => /Users/ziadayman/.stmcufinder/plugins/mcufinder
2023-04-04 17:34:54,698 [INFO] DbMcusAds:125 - Set database path to: /Users/ziadayman/.stmcufinder/plugins/mcufinder//mcu/
2023-04-04 17:34:54,698 [WARN] DbFile:41 - Overriding database path with different value: /Users/ziadayman/.stmcufinder/plugins/mcufinder/ => /Users/ziadayman/.stmcufinder/plugins/mcufinder
2023-04-04 17:34:54,698 [WARN] DbFile:41 - Overriding database path with different value: /Users/ziadayman/.stmcufinder/plugins/mcufinder/ => /Users/ziadayman/.stmcufinder/plugins/mcufinder
2023-04-04 17:34:54,698 [INFO] CrossReferenceDbSqlite:203 - Set database path to: /Users/ziadayman/.stmcufinder/plugins/mcufinder//mcu/cs/
2023-04-04 17:34:54,739 [INFO] ApplicationProperties:184 - Using Application install path: /Applications/STM32CubeIDE.app/Contents/Eclipse/plugins/com.st.stm32cube.common.mx_6.8.0.202302231600
2023-04-04 17:34:54,742 [INFO] PluginManage:196 - Search for loadable plugins [exclusion list=, ]
2023-04-04 17:34:54,746 [INFO] PluginManage:310 - Check plugin analytics
2023-04-04 17:34:55,089 [INFO] AnalyticsPlugin:253 - Accepted Software Licenses: 
2023-04-04 17:34:55,090 [INFO] AnalyticsPlugin:255 - Accepted CMSIS Pack Licenses: 
2023-04-04 17:34:55,090 [INFO] AnalyticsPlugin:257 - Accepted Firmware Licenses: 
2023-04-04 17:34:55,099 [INFO] PluginManage:359 - Loaded plugin analytics (category:tool,tabindex:-1)
2023-04-04 17:34:55,099 [INFO] PluginManage:310 - Check plugin cadmodel
2023-04-04 17:34:55,805 [INFO] CADModel:105 - Init CAD model plugin
2023-04-04 17:34:55,805 [INFO] PluginManage:359 - Loaded plugin cadmodel (category:power,tabindex:5)
2023-04-04 17:34:55,805 [INFO] PluginManage:310 - Check plugin clock
2023-04-04 17:34:55,828 [INFO] PluginManage:359 - Loaded plugin clock (category:base,tabindex:2)
2023-04-04 17:34:55,828 [INFO] PluginManage:310 - Check plugin ddr
2023-04-04 17:34:55,835 [INFO] PluginManage:359 - Loaded plugin ddr (category:tool,tabindex:6)
2023-04-04 17:34:55,835 [INFO] PluginManage:310 - Check plugin filemanager
2023-04-04 17:34:56,162 [INFO] PluginManage:359 - Loaded plugin filemanager (category:base,tabindex:10)
2023-04-04 17:34:56,163 [INFO] PluginManage:310 - Check plugin ipmanager
2023-04-04 17:34:56,181 [INFO] PluginManage:359 - Loaded plugin ipmanager (category:base,tabindex:5)
2023-04-04 17:34:56,182 [INFO] PluginManage:310 - Check plugin lpbam
2023-04-04 17:34:56,208 [INFO] PluginManage:359 - Loaded plugin lpbam (category:base,tabindex:0)
2023-04-04 17:34:56,208 [INFO] PluginManage:310 - Check plugin pinoutandconfiguration
2023-04-04 17:34:56,226 [INFO] PluginManage:359 - Loaded plugin pinoutandconfiguration (category:base,tabindex:1)
2023-04-04 17:34:56,226 [INFO] PluginManage:310 - Check plugin pinoutconfig
2023-04-04 17:34:56,442 [WARN] SupportedApi:132 - Cannot load RTOS API schema: s4s-elt-must-match.1: The content of 'definitions' must match (annotation?, (simpleType | complexType)?, (unique | key | keyref)*)). A problem was found starting at: attribute.
2023-04-04 17:34:56,979 [INFO] PluginManage:359 - Loaded plugin pinoutconfig (category:base,tabindex:0)
2023-04-04 17:34:56,979 [INFO] PluginManage:310 - Check plugin power
2023-04-04 17:34:57,022 [INFO] PluginManage:359 - Loaded plugin power (category:power,tabindex:4)
2023-04-04 17:34:57,023 [INFO] PluginManage:310 - Check plugin projectmanager
2023-04-04 17:34:57,083 [INFO] PluginManage:359 - Loaded plugin projectmanager (category:projectmanager,tabindex:3)
2023-04-04 17:34:57,084 [INFO] PluginManage:310 - Check plugin thirdparty
2023-04-04 17:34:57,569 [WARN] IntegrityCheckThread:84 - waiting for thirdparty lock release [integrity check]
2023-04-04 17:34:57,570 [INFO] IntegrityCheckThread:86 - entering critical section [integrity check]
2023-04-04 17:34:57,571 [INFO] PluginManage:359 - Loaded plugin thirdparty (category:base,tabindex:-1)
2023-04-04 17:34:57,574 [INFO] ThirdPartyUpdaterWithRetryManager:70 - Updater plugin not ready yet. [1/15]
2023-04-04 17:34:57,582 [INFO] PluginManage:310 - Check plugin tools
2023-04-04 17:34:57,589 [INFO] PluginManage:359 - Loaded plugin tools (category:base,tabindex:7)
2023-04-04 17:34:57,591 [INFO] PluginManage:310 - Check plugin tutovideos
2023-04-04 17:34:58,248 [INFO] PluginManage:359 - Loaded plugin tutovideos (category:base,tabindex:-1)
2023-04-04 17:34:58,248 [INFO] PluginManage:310 - Check plugin updater
2023-04-04 17:34:58,295 [INFO] PluginManage:359 - Loaded plugin updater (category:base,tabindex:12)
2023-04-04 17:34:58,297 [INFO] PluginManage:283 - PluginManage : Loaded plugins [15]
2023-04-04 17:34:58,910 [INFO] PinOutPanel:1499 - setPackage(No Configuration,No Configuration)
2023-04-04 17:34:59,057 [INFO] CADModel:165 - CPN selected for project level
2023-04-04 17:34:59,058 [INFO] CADModel:114 - Register for checkConnection events
2023-04-04 17:34:59,094 [INFO] IPUIPlugin:80 - create IPUIPlugin
2023-04-04 17:34:59,095 [INFO] PluginManager:220 - loadIPPluginJar : add mdma
2023-04-04 17:34:59,114 [INFO] IPUIPlugin:80 - create IPUIPlugin
2023-04-04 17:34:59,114 [INFO] PluginManager:220 - loadIPPluginJar : add freertos
2023-04-04 17:34:59,319 [INFO] IPUIPlugin:80 - create IPUIPlugin
2023-04-04 17:34:59,320 [INFO] PluginManager:220 - loadIPPluginJar : add gic
2023-04-04 17:34:59,343 [INFO] IPUIPlugin:80 - create IPUIPlugin
2023-04-04 17:34:59,343 [INFO] PluginManager:220 - loadIPPluginJar : add adc
2023-04-04 17:34:59,351 [INFO] IPUIPlugin:80 - create IPUIPlugin
2023-04-04 17:34:59,352 [INFO] PluginManager:220 - loadIPPluginJar : add gtzc
2023-04-04 17:34:59,355 [INFO] IPUIPlugin:80 - create IPUIPlugin
2023-04-04 17:34:59,355 [INFO] PluginManager:220 - loadIPPluginJar : add quadspi
2023-04-04 17:34:59,361 [INFO] IPUIPlugin:80 - create IPUIPlugin
2023-04-04 17:34:59,361 [INFO] PluginManager:220 - loadIPPluginJar : add aes
2023-04-04 17:34:59,370 [INFO] IPUIPlugin:80 - create IPUIPlugin
2023-04-04 17:34:59,370 [INFO] PluginManager:220 - loadIPPluginJar : add pdm2pcm
2023-04-04 17:34:59,375 [INFO] IPUIPlugin:80 - create IPUIPlugin
2023-04-04 17:34:59,375 [INFO] PluginManager:220 - loadIPPluginJar : add hash
2023-04-04 17:34:59,379 [INFO] IPUIPlugin:80 - create IPUIPlugin
2023-04-04 17:34:59,380 [INFO] PluginManager:220 - loadIPPluginJar : add tim
2023-04-04 17:34:59,383 [INFO] IPUIPlugin:80 - create IPUIPlugin
2023-04-04 17:34:59,383 [INFO] PluginManager:220 - loadIPPluginJar : add tsc
2023-04-04 17:34:59,387 [INFO] IPUIPlugin:80 - create IPUIPlugin
2023-04-04 17:34:59,387 [INFO] PluginManager:220 - loadIPPluginJar : add ts
2023-04-04 17:34:59,393 [INFO] IPUIPlugin:80 - create IPUIPlugin
2023-04-04 17:34:59,393 [INFO] PluginManager:220 - loadIPPluginJar : add can
2023-04-04 17:34:59,400 [INFO] IPUIPlugin:80 - create IPUIPlugin
2023-04-04 17:34:59,400 [INFO] PluginManager:220 - loadIPPluginJar : add dma3
2023-04-04 17:34:59,405 [INFO] IPUIPlugin:80 - create IPUIPlugin
2023-04-04 17:34:59,405 [INFO] PluginManager:220 - loadIPPluginJar : add dfsdm
2023-04-04 17:34:59,410 [INFO] IPUIPlugin:80 - create IPUIPlugin
2023-04-04 17:34:59,411 [INFO] PluginManager:220 - loadIPPluginJar : add spi
2023-04-04 17:34:59,418 [INFO] IPUIPlugin:80 - create IPUIPlugin
2023-04-04 17:34:59,418 [INFO] PluginManager:220 - loadIPPluginJar : add gfxmmu
2023-04-04 17:34:59,422 [INFO] IPUIPlugin:80 - create IPUIPlugin
2023-04-04 17:34:59,422 [INFO] PluginManager:220 - loadIPPluginJar : add genericplugin
2023-04-04 17:34:59,428 [INFO] IPUIPlugin:80 - create IPUIPlugin
2023-04-04 17:34:59,429 [INFO] PluginManager:220 - loadIPPluginJar : add cryp
2023-04-04 17:34:59,440 [INFO] IPUIPlugin:80 - create IPUIPlugin
2023-04-04 17:34:59,440 [INFO] PluginManager:220 - loadIPPluginJar : add gpio
2023-04-04 17:34:59,443 [INFO] IPUIPlugin:80 - create IPUIPlugin
2023-04-04 17:34:59,444 [INFO] PluginManager:220 - loadIPPluginJar : add comp
2023-04-04 17:34:59,448 [INFO] IPUIPlugin:80 - create IPUIPlugin
2023-04-04 17:34:59,448 [INFO] PluginManager:220 - loadIPPluginJar : add tracer_emb
2023-04-04 17:34:59,456 [INFO] IPUIPlugin:80 - create IPUIPlugin
2023-04-04 17:34:59,456 [INFO] PluginManager:220 - loadIPPluginJar : add openamp
2023-04-04 17:34:59,467 [INFO] IPUIPlugin:80 - create IPUIPlugin
2023-04-04 17:34:59,467 [INFO] PluginManager:220 - loadIPPluginJar : add stm32_wpan
2023-04-04 17:34:59,484 [INFO] IPUIPlugin:80 - create IPUIPlugin
2023-04-04 17:34:59,488 [INFO] PluginManager:220 - loadIPPluginJar : add plateformsettings
2023-04-04 17:34:59,495 [INFO] IPUIPlugin:80 - create IPUIPlugin
2023-04-04 17:34:59,495 [INFO] PluginManager:220 - loadIPPluginJar : add ipddr
2023-04-04 17:34:59,502 [INFO] IPUIPlugin:80 - create IPUIPlugin
2023-04-04 17:34:59,502 [INFO] PluginManager:220 - loadIPPluginJar : add usart
2023-04-04 17:34:59,506 [INFO] IPUIPlugin:80 - create IPUIPlugin
2023-04-04 17:34:59,506 [INFO] PluginManager:220 - loadIPPluginJar : add ltdc
2023-04-04 17:34:59,515 [INFO] IPUIPlugin:80 - create IPUIPlugin
2023-04-04 17:34:59,516 [INFO] PluginManager:220 - loadIPPluginJar : add nvic
2023-04-04 17:34:59,518 [INFO] IPUIPlugin:80 - create IPUIPlugin
2023-04-04 17:34:59,519 [INFO] PluginManager:220 - loadIPPluginJar : add fatfs
2023-04-04 17:34:59,535 [INFO] IPUIPlugin:80 - create IPUIPlugin
2023-04-04 17:34:59,535 [INFO] PluginManager:220 - loadIPPluginJar : add linkedlist
2023-04-04 17:34:59,546 [INFO] IPUIPlugin:80 - create IPUIPlugin
2023-04-04 17:34:59,546 [INFO] PluginManager:220 - loadIPPluginJar : add dma
2023-04-04 17:34:59,557 [INFO] IPUIPlugin:80 - create IPUIPlugin
2023-04-04 17:34:59,557 [INFO] PluginManager:220 - loadIPPluginJar : add fmc
2023-04-04 17:34:59,563 [INFO] IPUIPlugin:80 - create IPUIPlugin
2023-04-04 17:34:59,564 [INFO] PluginManager:220 - loadIPPluginJar : add i2s
2023-04-04 17:34:59,567 [INFO] IPUIPlugin:80 - create IPUIPlugin
2023-04-04 17:34:59,567 [INFO] PluginManager:220 - loadIPPluginJar : add ucpd
2023-04-04 17:34:59,572 [INFO] IPUIPlugin:80 - create IPUIPlugin
2023-04-04 17:34:59,572 [INFO] PluginManager:220 - loadIPPluginJar : add lorawan
2023-04-04 17:34:59,578 [INFO] IPUIPlugin:80 - create IPUIPlugin
2023-04-04 17:34:59,578 [INFO] PluginManager:220 - loadIPPluginJar : add opamp
2023-04-04 17:34:59,584 [INFO] IPUIPlugin:80 - create IPUIPlugin
2023-04-04 17:34:59,585 [INFO] PluginManager:220 - loadIPPluginJar : add i3c
2023-04-04 17:34:59,591 [INFO] IPUIPlugin:80 - create IPUIPlugin
2023-04-04 17:34:59,592 [INFO] PluginManager:220 - loadIPPluginJar : add touchsensing
2023-04-04 17:34:59,597 [INFO] IPUIPlugin:80 - create IPUIPlugin
2023-04-04 17:34:59,597 [INFO] PluginManager:220 - loadIPPluginJar : add i2c
2023-04-04 17:34:59,605 [INFO] IPUIPlugin:80 - create IPUIPlugin
2023-04-04 17:34:59,605 [INFO] PluginManager:220 - loadIPPluginJar : add resmgrutility
2023-04-04 17:34:59,612 [INFO] IPUIPlugin:80 - create IPUIPlugin
2023-04-04 17:34:59,612 [INFO] PluginManager:220 - loadIPPluginJar : add sai
2023-04-04 17:34:59,618 [INFO] IPUIPlugin:80 - create IPUIPlugin
2023-04-04 17:34:59,618 [INFO] PluginManager:220 - loadIPPluginJar : add usbx
2023-04-04 17:34:59,756 [INFO] CADModel:165 - CPN selected for project level
2023-04-04 17:34:59,756 [INFO] CADModel:114 - Register for checkConnection events
2023-04-04 17:34:59,757 [FATAL] Updater:308 - Updater called before beeing initialized
2023-04-04 17:34:59,757 [ERROR] CADModel:125 - Updater not yet initialized, retry later 
2023-04-04 17:35:00,034 [INFO] CADModel:165 - CPN selected for project level
2023-04-04 17:35:00,034 [INFO] CADModel:114 - Register for checkConnection events
2023-04-04 17:35:00,034 [FATAL] Updater:308 - Updater called before beeing initialized
2023-04-04 17:35:00,034 [ERROR] CADModel:125 - Updater not yet initialized, retry later 
2023-04-04 17:35:00,044 [FATAL] Updater:308 - Updater called before beeing initialized
2023-04-04 17:35:00,192 [FATAL] Updater:308 - Updater called before beeing initialized
2023-04-04 17:35:00,244 [INFO] DbMcusAds:53 - JSON generation date=Tue Mar 07 10:50:55 EET 2023 (1678179055335)
2023-04-04 17:35:00,245 [FATAL] Updater:308 - Updater called before beeing initialized
2023-04-04 17:35:00,329 [WARN] DetailPanel:346 - Failed to get advertising image, set to default
2023-04-04 17:35:00,582 [INFO] ThirdPartyUpdaterWithRetryManager:70 - Updater plugin not ready yet. [2/15]
2023-04-04 17:35:00,624 [FATAL] Updater:308 - Updater called before beeing initialized
2023-04-04 17:35:00,629 [FATAL] Updater:308 - Updater called before beeing initialized
2023-04-04 17:35:00,630 [FATAL] Updater:308 - Updater called before beeing initialized
2023-04-04 17:35:00,630 [WARN] DetailPanel:346 - Failed to get advertising image, set to default
2023-04-04 17:35:00,631 [FATAL] Updater:308 - Updater called before beeing initialized
2023-04-04 17:35:00,693 [ERROR] Updater:1120 - MainUpdater not yet initialized. External WinMGr cannot be set.
2023-04-04 17:35:00,746 [INFO] Updater:1056 - Updater Version found : 6.8.0
2023-04-04 17:35:00,899 [INFO] ApplicationProperties:184 - Using Application install path: /Applications/STM32CubeIDE.app/Contents/Eclipse/plugins/com.st.stm32cube.common.mx_6.8.0.202302231600
2023-04-04 17:35:01,523 [INFO] MainUpdater:2854 - connection check result : 10
2023-04-04 17:35:01,526 [INFO] MainUpdater:283 - Updater Check For Update Now.
2023-04-04 17:35:01,526 [INFO] MicroXplorer:498 - Change Database Version : DB.6.0.80
2023-04-04 17:35:01,754 [INFO] CheckServerUpdateThread:120 - End of CheckServer Thread
2023-04-04 17:35:01,947 [INFO] MainUpdater:2854 - connection check result : 10
2023-04-04 17:35:03,119 [INFO] ApiDb:581 - Connected to CubeFinder SQLite database (/Users/ziadayman/.stmcufinder/plugins/mcufinder/mcu/cube-finder-db.db)
2023-04-04 17:35:03,429 [INFO] ApiDb:668 - CubeFinder database Data Model version=2.1
2023-04-04 17:35:03,429 [INFO] ApiDb:669 - CubeFinder database Configuration version=3.0.35
2023-04-04 17:35:03,429 [INFO] ApiDb:670 - CubeFinder database generation date=2023-03-10 (1678456172)
2023-04-04 17:35:03,430 [INFO] ApiDb:671 - CubeFinder database FW Pack versions=[FP-ATR-ASTRA1_V1.1.1, STM32Cube_FW_C0_V1.0.1, STM32Cube_FW_F0_V1.11.4, STM32Cube_FW_F3_V1.11.4, STM32Cube_FW_F4_V1.27.1, STM32Cube_FW_F7_V1.17.0, STM32Cube_FW_G0_V1.6.1, STM32Cube_FW_G4_V1.5.1, STM32Cube_FW_H5_V0.5.1, STM32Cube_FW_H5_V1.0.0, STM32Cube_FW_H7_V1.11.0, STM32Cube_FW_L0_V1.12.2, STM32Cube_FW_L5_V1.5.0, STM32Cube_FW_U5_V1.2.0, STM32Cube_FW_WBA_V1.0.0, STM32Cube_FW_WBA_V1.0.0RC1, STM32Cube_FW_WBA_V1.0.0RC3, STM32Cube_FW_WB_V1.15.0RC1, STM32Cube_FW_WB_V1.16.0, STM32Cube_FW_WB_V1.16.0RC2, STM32Cube_FW_WL_V1.3.0, X-CUBE-ALGOBUILD_V1.3.0, X-CUBE-ALS_V1.0.1, X-CUBE-AZRTOS-F4_V1.1.0, X-CUBE-AZRTOS-F7_V1.1.0, X-CUBE-AZRTOS-G0_V1.1.0, X-CUBE-AZRTOS-G4_V1.0.0, X-CUBE-AZRTOS-H7_V3.0.0, X-CUBE-AZRTOS-L4_V1.0.0, X-CUBE-AZRTOS-L5_V1.1.0, X-CUBE-AZRTOS-WB_V1.1.0, X-CUBE-AZRTOS-WL_V1.0.0, X-CUBE-BLE1_V6.2.4, X-CUBE-BLE2_V3.3.0, X-CUBE-BLEMGR_V1.3.0, X-CUBE-EEPRMA1_V4.1.0, X-CUBE-GNSS1_V6.0.0, X-CUBE-MEMS1_V9.1.0, X-CUBE-MEMS1_V9.4.0, X-CUBE-MEMS1_V9.5.0, X-CUBE-NFC4_V3.0.0, X-CUBE-NFC7_V1.0.0, X-CUBE-SFXS2LP1_V4.0.0, X-CUBE-SUBG2_V5.0.0]
2023-04-04 17:35:03,875 [INFO] DbBoardsSqlite:226 - include board P-NUCLEO-WB55-NUCLEO as a kit item of type 'Nucleo-64'
2023-04-04 17:35:03,876 [INFO] DbBoardsSqlite:226 - include board P-NUCLEO-WB55-USBDONGLE as a kit item of type 'Nucleo USB Dongle'
2023-04-04 17:35:03,879 [INFO] DbBoardsSqlite:226 - include board STEVAL-IDP005V1 as a kit item of type 'Evaluation Board'
2023-04-04 17:35:03,880 [INFO] DbBoardsSqlite:226 - include board STEVAL-IDP005V2 as a kit item of type 'Evaluation Board'
2023-04-04 17:35:03,917 [WARN] PackLoader:240 - Cannot read IP mode file for STMicroelectronics.X-CUBE-GNSS1.6.0.0
2023-04-04 17:35:03,987 [WARN] PackLoader:240 - Cannot read IP mode file for STMicroelectronics.X-CUBE-AZRTOS-F4.1.1.0
2023-04-04 17:35:04,060 [WARN] PackLoader:240 - Cannot read IP mode file for wolfSSL.I-CUBE-wolfSSL.5.6.0
2023-04-04 17:35:04,155 [WARN] PackLoader:240 - Cannot read IP mode file for STMicroelectronics.X-CUBE-AZRTOS-F7.1.1.0
2023-04-04 17:35:04,178 [WARN] PackLoader:240 - Cannot read IP mode file for STMicroelectronics.X-CUBE-BLE1.6.2.4
2023-04-04 17:35:04,228 [WARN] PackLoader:240 - Cannot read IP mode file for emotas.I-CUBE-CANOPEN.1.1.3
2023-04-04 17:35:04,256 [WARN] PackLoader:240 - Cannot read IP mode file for STMicroelectronics.X-CUBE-BLEMGR.2.0.0
2023-04-04 17:35:04,290 [WARN] PackLoader:240 - Cannot read IP mode file for STMicroelectronics.X-CUBE-DISPLAY.3.0.0
2023-04-04 17:35:04,319 [WARN] PackLoader:240 - Cannot read IP mode file for STMicroelectronics.X-CUBE-NFC7.1.0.0
2023-04-04 17:35:04,332 [WARN] PackLoader:240 - Cannot read IP mode file for STMicroelectronics.X-CUBE-EEPRMA1.4.1.0
2023-04-04 17:35:04,362 [WARN] PackLoader:240 - Cannot read IP mode file for WES.I-CUBE-Cesium.1.3.0
2023-04-04 17:35:04,387 [WARN] PackLoader:240 - Cannot read IP mode file for STMicroelectronics.X-CUBE-SFXS2LP1.4.0.0
2023-04-04 17:35:04,400 [WARN] PackLoader:240 - Cannot read IP mode file for STMicroelectronics.X-CUBE-BLE2.3.3.0
2023-04-04 17:35:04,464 [WARN] PackLoader:240 - Cannot read IP mode file for STMicroelectronics.X-CUBE-AZRTOS-H7.3.0.0
2023-04-04 17:35:04,479 [WARN] PackLoader:240 - Cannot read IP mode file for STMicroelectronics.X-CUBE-ISPU.1.1.0
2023-04-04 17:35:04,494 [WARN] PackLoader:240 - Cannot read IP mode file for RoweBots.I-CUBE-UNISONRTOS.5.5.0-4
2023-04-04 17:35:04,501 [WARN] PackLoader:240 - Cannot read IP mode file for STMicroelectronics.X-CUBE-AI.8.0.0
2023-04-04 17:35:04,526 [WARN] PackLoader:240 - Cannot read IP mode file for STMicroelectronics.X-CUBE-FREERTOS.1.0.0
2023-04-04 17:35:04,533 [WARN] PackLoader:240 - Cannot read IP mode file for STMicroelectronics.X-CUBE-TOUCHGFX.4.21.3
2023-04-04 17:35:04,546 [WARN] PackLoader:240 - Cannot read IP mode file for STMicroelectronics.X-CUBE-ALGOBUILD.1.3.0
2023-04-04 17:35:04,582 [WARN] PackLoader:240 - Cannot read IP mode file for STMicroelectronics.X-CUBE-AZRTOS-L5.1.1.0
2023-04-04 17:35:04,716 [WARN] PackLoader:240 - Cannot read IP mode file for STMicroelectronics.X-CUBE-AZRTOS-G0.1.1.0
2023-04-04 17:35:04,784 [WARN] PackLoader:240 - Cannot read IP mode file for STMicroelectronics.X-CUBE-SUBG2.5.0.0
2023-04-04 17:35:04,827 [WARN] PackLoader:240 - Cannot read IP mode file for STMicroelectronics.X-CUBE-NFC4.3.0.0
2023-04-04 17:35:04,869 [WARN] PackLoader:240 - Cannot read IP mode file for STMicroelectronics.X-CUBE-TOF1.3.3.0
2023-04-04 17:35:04,913 [WARN] PackLoader:240 - Cannot read IP mode file for STMicroelectronics.FP-ATR-ASTRA1.1.1.1
2023-04-04 17:35:04,948 [WARN] PackLoader:240 - Cannot read IP mode file for STMicroelectronics.X-CUBE-AZRTOS-G4.1.0.0
2023-04-04 17:35:04,960 [WARN] PackLoader:240 - Cannot read IP mode file for STMicroelectronics.FP-ATR-SIGFOX1.3.2.0
2023-04-04 17:35:04,967 [INFO] ApiDb:240 - Found 297 in-development CPN: [B-G473E-ZEST1S, B-WB1M-WPAN1, B-WL5M-SUBG1, NUCLEO-C031C6, NUCLEO-H503RB, NUCLEO-H563ZI, NUCLEO-U545RE-Q, NUCLEO-U5A5ZJ-Q, NUCLEO-WBA52CG, STEVAL-PROTEUS1, STEVAL-STWINBX1, STM320518-EVAL, STM32C0116-DK, STM32C011D6Y3TR, STM32C011D6Y6TR, STM32C011F4P3, STM32C011F4P6, STM32C011F4U3, STM32C011F4U6TR, STM32C011F6P3, STM32C011F6P6, STM32C011F6U3, STM32C011F6U6TR, STM32C011J4M3, STM32C011J4M6, STM32C011J6M3, STM32C011J6M6, STM32C0316-DK, STM32C031C4T3, STM32C031C4T6, STM32C031C4U3, STM32C031C4U6, STM32C031C6T3, STM32C031C6T6, STM32C031C6U3, STM32C031C6U6, STM32C031F4P3, STM32C031F4P6, STM32C031F6P3, STM32C031F6P6, STM32C031G4U3, STM32C031G4U6, STM32C031G6U3, STM32C031G6U6, STM32C031K4T3, STM32C031K4T6, STM32C031K4U3, STM32C031K4U6, STM32C031K6T3, STM32C031K6T6, STM32C031K6U3, STM32C031K6U6, STM32G071K8TXN, STM32G071K8UXN, STM32G081GBU6N, STM32G081KBT6N, STM32G081KBUXN, STM32G0B1CCT6N, STM32G0B1KCT6, STM32G0B1NEY6TR, STM32G0B1RCT6N, STM32G0C1CCT6, STM32G0C1CCT6N, STM32G0C1CCU6N, STM32G0C1CET6N, STM32G0C1CEU6N, STM32G0C1KCT6, STM32G0C1NEY6TR, STM32G0C1RCI6N, STM32G0C1RCT6N, STM32G0C1REI6N, STM32G0C1RET6N, STM32G0C1VCI6, STM32G0C1VEI6, STM32G471CCT6, STM32G471CCU6, STM32G471CET3, STM32G471CET6, STM32G471CEU3, STM32G471CEU6, STM32G471MCT6, STM32G471MET3, STM32G471MET6, STM32G471MEY6TR, STM32G471QCT6, STM32G471QET3, STM32G471RCT6, STM32G471RET3, STM32G471RET6, STM32G471VCH6, STM32G471VCI6, STM32G471VCT6, STM32G471VEH3, STM32G471VEH6, STM32G471VEI3, STM32G471VEI6, STM32G471VET3, STM32G471VET6, STM32G474CCT6, STM32H503CBT6, STM32H503CBU6, STM32H503EBY6TR, STM32H503KBU6, STM32H503RBT6, STM32H562AGI6, STM32H562AII6, STM32H562IGK6, STM32H562IGT6, STM32H562IIK6, STM32H562IIT6, STM32H562RGT6, STM32H562RGV6, STM32H562RIT6, STM32H562RIV6, STM32H562VGT6, STM32H562VIT6, STM32H562ZGT6, STM32H562ZIT6, STM32H563AGI6, STM32H563AII3Q, STM32H563AII6, STM32H563IGK6, STM32H563IGT6, STM32H563IIK3Q, STM32H563IIK6, STM32H563IIT3Q, STM32H563IIT6, STM32H563MIY3QTR, STM32H563RGT6, STM32H563RGV6, STM32H563RIT6, STM32H563RIV6, STM32H563VGT6, STM32H563VIT3Q, STM32H563VIT6, STM32H563ZGT6, STM32H563ZIT3Q, STM32H563ZIT6, STM32H573AII3Q, STM32H573AII6, STM32H573I-DK, STM32H573IIK3Q, STM32H573IIK6, STM32H573IIT3Q, STM32H573IIT6, STM32H573MIY3QTR, STM32H573RIT6, STM32H573RIV6, STM32H573VIT3Q, STM32H573VIT6, STM32H573ZIT3Q, STM32H573ZIT6, STM32L4R5QGI6STR, STM32MP131AAE3, STM32MP131AAF3, STM32MP131AAG3, STM32MP131CAE3, STM32MP131CAF3, STM32MP131CAG3, STM32MP131DAE7, STM32MP131DAF7, STM32MP131DAG7, STM32MP131FAE7, STM32MP131FAF7, STM32MP131FAG7, STM32MP133AAE3, STM32MP133AAF3, STM32MP133AAG3, STM32MP133CAE3, STM32MP133CAF3, STM32MP133CAG3, STM32MP133DAE7, STM32MP133DAF7, STM32MP133DAG7, STM32MP133FAE7, STM32MP133FAF7, STM32MP133FAG7, STM32MP135AAE3, STM32MP135AAF3, STM32MP135AAG3, STM32MP135CAE3, STM32MP135CAF3, STM32MP135CAG3, STM32MP135DAE7, STM32MP135DAF7, STM32MP135DAG7, STM32MP135F-DK, STM32MP135FAE7, STM32MP135FAF7, STM32MP135FAF7T, STM32MP135FAF7U, STM32MP135FAG7, STM32U535CBT6, STM32U535CBT6Q, STM32U535CBU6, STM32U535CBU6Q, STM32U535CCT6, STM32U535CCT6Q, STM32U535CCU6, STM32U535CCU6Q, STM32U535CET6, STM32U535CET6Q, STM32U535CEU6, STM32U535CEU6Q, STM32U535JEY6QTR, STM32U535NCY6QTR, STM32U535NEY6QTR, STM32U535RBI6, STM32U535RBI6Q, STM32U535RBT6, STM32U535RBT6Q, STM32U535RCI6, STM32U535RCI6Q, STM32U535RCT6, STM32U535RCT6Q, STM32U535REI6, STM32U535REI6Q, STM32U535RET6, STM32U535RET6Q, STM32U535VCI6, STM32U535VCI6Q, STM32U535VCT6, STM32U535VCT6Q, STM32U535VEI6, STM32U535VEI6Q, STM32U535VET6, STM32U535VET6Q, STM32U545CET6, STM32U545CET6Q, STM32U545CEU6, STM32U545CEU6Q, STM32U545JEY6QTR, STM32U545NEY6QTR, STM32U545REI6, STM32U545REI6Q, STM32U545RET6, STM32U545RET6Q, STM32U545VEI6, STM32U545VEI6Q, STM32U545VET6, STM32U545VET6Q, STM32U595AIH6, STM32U595AIH6Q, STM32U595AJH6, STM32U595AJH6Q, STM32U595QII6, STM32U595QII6Q, STM32U595QJI6, STM32U595QJI6Q, STM32U595RIT6, STM32U595RIT6Q, STM32U595RJT6, STM32U595RJT6Q, STM32U595VIT6, STM32U595VIT6Q, STM32U595VJT6, STM32U595VJT6Q, STM32U595ZIT6, STM32U595ZIT6Q, STM32U595ZIY6QTR, STM32U595ZJT6, STM32U595ZJT6Q, STM32U595ZJY6QTR, STM32U599BJY6QTR, STM32U599NIH6Q, STM32U599NJH6Q, STM32U599VIT6Q, STM32U599VJT6, STM32U599VJT6Q, STM32U599ZIT6Q, STM32U599ZIY6QTR, STM32U599ZJT6Q, STM32U599ZJY6QTR, STM32U5A5AJH6, STM32U5A5AJH6Q, STM32U5A5QJI6, STM32U5A5QJI6Q, STM32U5A5RJT6, STM32U5A5RJT6Q, STM32U5A5VJT6, STM32U5A5VJT6Q, STM32U5A5ZJT6, STM32U5A5ZJT6Q, STM32U5A5ZJY6QTR, STM32U5A9BJY6QTR, STM32U5A9J-DK, STM32U5A9NJH6Q, STM32U5A9VJT6Q, STM32U5A9ZJT6Q, STM32U5A9ZJY6QTR, STM32WB1MMCH6, STM32WBA52CEU6, STM32WBA52CEU6T, STM32WBA52CGU6, STM32WBA52CGU6T, STM32WL5MOCH6, STM32WL5MOCH6TR]
2023-04-04 17:35:05,056 [WARN] PackLoader:240 - Cannot read IP mode file for STMicroelectronics.X-CUBE-AZRTOS-L4.1.0.0
2023-04-04 17:35:05,086 [WARN] PackLoader:240 - Cannot read IP mode file for STMicroelectronics.X-CUBE-AZRTOS-WL.1.0.0
2023-04-04 17:35:05,103 [WARN] PackLoader:240 - Cannot read IP mode file for portGmbH.I-Cube-SoM-uGOAL.1.1.0
2023-04-04 17:35:05,110 [WARN] PackLoader:240 - Cannot read IP mode file for STMicroelectronics.X-CUBE-ALS.1.0.1
2023-04-04 17:35:05,195 [WARN] PackLoader:240 - Cannot read IP mode file for STMicroelectronics.X-CUBE-MEMS1.9.5.0
2023-04-04 17:35:05,607 [INFO] BoardInfo:880 - No configuration file found for board P-NUCLEO-WB55
2023-04-04 17:35:05,607 [INFO] DbBoards:157 - Kit is not supported: P-NUCLEO-WB55
2023-04-04 17:35:05,623 [INFO] BoardInfo:880 - No configuration file found for board STEVAL-BFA001V1B
2023-04-04 17:35:05,624 [INFO] DbBoards:157 - Kit is not supported: STEVAL-BFA001V1B
2023-04-04 17:35:05,628 [INFO] BoardInfo:880 - No configuration file found for board STEVAL-BFA001V2B
2023-04-04 17:35:05,628 [INFO] DbBoards:157 - Kit is not supported: STEVAL-BFA001V2B
2023-04-04 17:35:05,704 [WARN] PackLoader:240 - Cannot read IP mode file for STMicroelectronics.X-CUBE-AZRTOS-WB.1.1.0
2023-04-04 17:35:05,778 [WARN] PackLoader:240 - Cannot read IP mode file for SEGGER.I-CUBE-embOS.1.3.1
2023-04-04 17:35:05,905 [INFO] ThirdParty:978 - Integrity check success = true
2023-04-04 17:35:05,905 [INFO] IntegrityCheckThread:100 - exiting critical section [integrity check]
2023-04-04 17:35:05,905 [INFO] IntegrityCheckThread:103 - End integrity checks thread
2023-04-04 17:35:06,070 [INFO] DbBoards:161 - Found 187 boards, 184 are supported
2023-04-04 17:35:06,080 [INFO] ApiDb:668 - CubeFinder database Data Model version=2.1
2023-04-04 17:35:06,080 [INFO] ApiDb:669 - CubeFinder database Configuration version=3.0.35
2023-04-04 17:35:06,080 [INFO] ApiDb:670 - CubeFinder database generation date=2023-03-10 (1678456172)
2023-04-04 17:35:06,080 [INFO] ApiDb:671 - CubeFinder database FW Pack versions=[FP-ATR-ASTRA1_V1.1.1, STM32Cube_FW_C0_V1.0.1, STM32Cube_FW_F0_V1.11.4, STM32Cube_FW_F3_V1.11.4, STM32Cube_FW_F4_V1.27.1, STM32Cube_FW_F7_V1.17.0, STM32Cube_FW_G0_V1.6.1, STM32Cube_FW_G4_V1.5.1, STM32Cube_FW_H5_V0.5.1, STM32Cube_FW_H5_V1.0.0, STM32Cube_FW_H7_V1.11.0, STM32Cube_FW_L0_V1.12.2, STM32Cube_FW_L5_V1.5.0, STM32Cube_FW_U5_V1.2.0, STM32Cube_FW_WBA_V1.0.0, STM32Cube_FW_WBA_V1.0.0RC1, STM32Cube_FW_WBA_V1.0.0RC3, STM32Cube_FW_WB_V1.15.0RC1, STM32Cube_FW_WB_V1.16.0, STM32Cube_FW_WB_V1.16.0RC2, STM32Cube_FW_WL_V1.3.0, X-CUBE-ALGOBUILD_V1.3.0, X-CUBE-ALS_V1.0.1, X-CUBE-AZRTOS-F4_V1.1.0, X-CUBE-AZRTOS-F7_V1.1.0, X-CUBE-AZRTOS-G0_V1.1.0, X-CUBE-AZRTOS-G4_V1.0.0, X-CUBE-AZRTOS-H7_V3.0.0, X-CUBE-AZRTOS-L4_V1.0.0, X-CUBE-AZRTOS-L5_V1.1.0, X-CUBE-AZRTOS-WB_V1.1.0, X-CUBE-AZRTOS-WL_V1.0.0, X-CUBE-BLE1_V6.2.4, X-CUBE-BLE2_V3.3.0, X-CUBE-BLEMGR_V1.3.0, X-CUBE-EEPRMA1_V4.1.0, X-CUBE-GNSS1_V6.0.0, X-CUBE-MEMS1_V9.1.0, X-CUBE-MEMS1_V9.4.0, X-CUBE-MEMS1_V9.5.0, X-CUBE-NFC4_V3.0.0, X-CUBE-NFC7_V1.0.0, X-CUBE-SFXS2LP1_V4.0.0, X-CUBE-SUBG2_V5.0.0]
2023-04-04 17:35:11,475 [INFO] ApiDb:240 - Found 297 in-development CPN: [B-G473E-ZEST1S, B-WB1M-WPAN1, B-WL5M-SUBG1, NUCLEO-C031C6, NUCLEO-H503RB, NUCLEO-H563ZI, NUCLEO-U545RE-Q, NUCLEO-U5A5ZJ-Q, NUCLEO-WBA52CG, STEVAL-PROTEUS1, STEVAL-STWINBX1, STM320518-EVAL, STM32C0116-DK, STM32C011D6Y3TR, STM32C011D6Y6TR, STM32C011F4P3, STM32C011F4P6, STM32C011F4U3, STM32C011F4U6TR, STM32C011F6P3, STM32C011F6P6, STM32C011F6U3, STM32C011F6U6TR, STM32C011J4M3, STM32C011J4M6, STM32C011J6M3, STM32C011J6M6, STM32C0316-DK, STM32C031C4T3, STM32C031C4T6, STM32C031C4U3, STM32C031C4U6, STM32C031C6T3, STM32C031C6T6, STM32C031C6U3, STM32C031C6U6, STM32C031F4P3, STM32C031F4P6, STM32C031F6P3, STM32C031F6P6, STM32C031G4U3, STM32C031G4U6, STM32C031G6U3, STM32C031G6U6, STM32C031K4T3, STM32C031K4T6, STM32C031K4U3, STM32C031K4U6, STM32C031K6T3, STM32C031K6T6, STM32C031K6U3, STM32C031K6U6, STM32G071K8TXN, STM32G071K8UXN, STM32G081GBU6N, STM32G081KBT6N, STM32G081KBUXN, STM32G0B1CCT6N, STM32G0B1KCT6, STM32G0B1NEY6TR, STM32G0B1RCT6N, STM32G0C1CCT6, STM32G0C1CCT6N, STM32G0C1CCU6N, STM32G0C1CET6N, STM32G0C1CEU6N, STM32G0C1KCT6, STM32G0C1NEY6TR, STM32G0C1RCI6N, STM32G0C1RCT6N, STM32G0C1REI6N, STM32G0C1RET6N, STM32G0C1VCI6, STM32G0C1VEI6, STM32G471CCT6, STM32G471CCU6, STM32G471CET3, STM32G471CET6, STM32G471CEU3, STM32G471CEU6, STM32G471MCT6, STM32G471MET3, STM32G471MET6, STM32G471MEY6TR, STM32G471QCT6, STM32G471QET3, STM32G471RCT6, STM32G471RET3, STM32G471RET6, STM32G471VCH6, STM32G471VCI6, STM32G471VCT6, STM32G471VEH3, STM32G471VEH6, STM32G471VEI3, STM32G471VEI6, STM32G471VET3, STM32G471VET6, STM32G474CCT6, STM32H503CBT6, STM32H503CBU6, STM32H503EBY6TR, STM32H503KBU6, STM32H503RBT6, STM32H562AGI6, STM32H562AII6, STM32H562IGK6, STM32H562IGT6, STM32H562IIK6, STM32H562IIT6, STM32H562RGT6, STM32H562RGV6, STM32H562RIT6, STM32H562RIV6, STM32H562VGT6, STM32H562VIT6, STM32H562ZGT6, STM32H562ZIT6, STM32H563AGI6, STM32H563AII3Q, STM32H563AII6, STM32H563IGK6, STM32H563IGT6, STM32H563IIK3Q, STM32H563IIK6, STM32H563IIT3Q, STM32H563IIT6, STM32H563MIY3QTR, STM32H563RGT6, STM32H563RGV6, STM32H563RIT6, STM32H563RIV6, STM32H563VGT6, STM32H563VIT3Q, STM32H563VIT6, STM32H563ZGT6, STM32H563ZIT3Q, STM32H563ZIT6, STM32H573AII3Q, STM32H573AII6, STM32H573I-DK, STM32H573IIK3Q, STM32H573IIK6, STM32H573IIT3Q, STM32H573IIT6, STM32H573MIY3QTR, STM32H573RIT6, STM32H573RIV6, STM32H573VIT3Q, STM32H573VIT6, STM32H573ZIT3Q, STM32H573ZIT6, STM32L4R5QGI6STR, STM32MP131AAE3, STM32MP131AAF3, STM32MP131AAG3, STM32MP131CAE3, STM32MP131CAF3, STM32MP131CAG3, STM32MP131DAE7, STM32MP131DAF7, STM32MP131DAG7, STM32MP131FAE7, STM32MP131FAF7, STM32MP131FAG7, STM32MP133AAE3, STM32MP133AAF3, STM32MP133AAG3, STM32MP133CAE3, STM32MP133CAF3, STM32MP133CAG3, STM32MP133DAE7, STM32MP133DAF7, STM32MP133DAG7, STM32MP133FAE7, STM32MP133FAF7, STM32MP133FAG7, STM32MP135AAE3, STM32MP135AAF3, STM32MP135AAG3, STM32MP135CAE3, STM32MP135CAF3, STM32MP135CAG3, STM32MP135DAE7, STM32MP135DAF7, STM32MP135DAG7, STM32MP135F-DK, STM32MP135FAE7, STM32MP135FAF7, STM32MP135FAF7T, STM32MP135FAF7U, STM32MP135FAG7, STM32U535CBT6, STM32U535CBT6Q, STM32U535CBU6, STM32U535CBU6Q, STM32U535CCT6, STM32U535CCT6Q, STM32U535CCU6, STM32U535CCU6Q, STM32U535CET6, STM32U535CET6Q, STM32U535CEU6, STM32U535CEU6Q, STM32U535JEY6QTR, STM32U535NCY6QTR, STM32U535NEY6QTR, STM32U535RBI6, STM32U535RBI6Q, STM32U535RBT6, STM32U535RBT6Q, STM32U535RCI6, STM32U535RCI6Q, STM32U535RCT6, STM32U535RCT6Q, STM32U535REI6, STM32U535REI6Q, STM32U535RET6, STM32U535RET6Q, STM32U535VCI6, STM32U535VCI6Q, STM32U535VCT6, STM32U535VCT6Q, STM32U535VEI6, STM32U535VEI6Q, STM32U535VET6, STM32U535VET6Q, STM32U545CET6, STM32U545CET6Q, STM32U545CEU6, STM32U545CEU6Q, STM32U545JEY6QTR, STM32U545NEY6QTR, STM32U545REI6, STM32U545REI6Q, STM32U545RET6, STM32U545RET6Q, STM32U545VEI6, STM32U545VEI6Q, STM32U545VET6, STM32U545VET6Q, STM32U595AIH6, STM32U595AIH6Q, STM32U595AJH6, STM32U595AJH6Q, STM32U595QII6, STM32U595QII6Q, STM32U595QJI6, STM32U595QJI6Q, STM32U595RIT6, STM32U595RIT6Q, STM32U595RJT6, STM32U595RJT6Q, STM32U595VIT6, STM32U595VIT6Q, STM32U595VJT6, STM32U595VJT6Q, STM32U595ZIT6, STM32U595ZIT6Q, STM32U595ZIY6QTR, STM32U595ZJT6, STM32U595ZJT6Q, STM32U595ZJY6QTR, STM32U599BJY6QTR, STM32U599NIH6Q, STM32U599NJH6Q, STM32U599VIT6Q, STM32U599VJT6, STM32U599VJT6Q, STM32U599ZIT6Q, STM32U599ZIY6QTR, STM32U599ZJT6Q, STM32U599ZJY6QTR, STM32U5A5AJH6, STM32U5A5AJH6Q, STM32U5A5QJI6, STM32U5A5QJI6Q, STM32U5A5RJT6, STM32U5A5RJT6Q, STM32U5A5VJT6, STM32U5A5VJT6Q, STM32U5A5ZJT6, STM32U5A5ZJT6Q, STM32U5A5ZJY6QTR, STM32U5A9BJY6QTR, STM32U5A9J-DK, STM32U5A9NJH6Q, STM32U5A9VJT6Q, STM32U5A9ZJT6Q, STM32U5A9ZJY6QTR, STM32WB1MMCH6, STM32WBA52CEU6, STM32WBA52CEU6T, STM32WBA52CGU6, STM32WBA52CGU6T, STM32WL5MOCH6, STM32WL5MOCH6TR]
2023-04-04 17:35:11,488 [INFO] DbMcus:216 - Found 3775 MCUs, 3775 are supported
2023-04-04 17:35:11,501 [INFO] ApiDb:423 - Load user favorites file /Users/ziadayman/.stm32cubeide/favorites.mcus.txt: 1 item(s)
2023-04-04 17:35:11,502 [INFO] ApiDb:427 - User favorites MCUs=[STM32F103C8T6]
2023-04-04 17:35:11,502 [INFO] DbMcus:222 - Set 1 / 1 favorites MCUs
2023-04-04 17:35:12,284 [INFO] ApiDb:414 - User favorites file not found: /Users/ziadayman/.stm32cubeide/favorites.boards.txt
2023-04-04 17:35:12,285 [INFO] DbBoards:190 - Set 0 / 0 favorites Boards
2023-04-04 17:35:12,286 [INFO] McuFinderGlobals:66 - Set McuFinderConnectedMode to true
2023-04-04 17:35:12,332 [INFO] MultiScanPanel:200 - Auto-refresh data requested => check proxy status ongoing
2023-04-04 17:35:12,342 [INFO] FinderPluginLoader:95 - Searching for filters in installed packs
2023-04-04 17:35:16,616 [INFO] LoadUrlFilesThread:185 - End of LoadServerUrlFiles without Thread
2023-04-04 17:35:16,635 [INFO] DetailPanel:341 - Set advertising image to /Users/ziadayman/STM32Cube/Repository//en.prom-stm32h5-mcu-finder.jpg
2023-04-04 17:46:24,303 [INFO] MainUpdater:2854 - connection check result : 10
2023-04-04 17:46:24,304 [INFO] MainUpdater:2854 - connection check result : 10
2023-04-04 17:46:24,907 [INFO] MicroXplorer:468 - Change Database Path : 
2023-04-04 17:46:24,907 [INFO] MicroXplorer:498 - Change Database Version : DB.6.0.80
2023-04-04 17:46:24,909 [WARN] ThirdParty:871 - waiting for thirdparty lock release [close project]
2023-04-04 17:46:24,909 [INFO] ThirdParty:873 - entering critical section [close project]
2023-04-04 17:46:24,911 [INFO] ThirdParty:883 - exiting critical section [close project]
2023-04-04 17:46:24,918 [INFO] PinOutPanel:1499 - setPackage(No Configuration,No Configuration)
2023-04-04 17:46:24,927 [INFO] UtilMem:75 - Begin LoadConfig() Used Memory: 424873256 Bytes (617611264)
2023-04-04 17:46:24,929 [INFO] MicroXplorer:468 - Change Database Path : 
2023-04-04 17:46:24,929 [INFO] MicroXplorer:498 - Change Database Version : DB.6.0.80
2023-04-04 17:46:24,929 [INFO] OpenFileManager:308 - Change cursor
2023-04-04 17:46:25,022 [INFO] Mcu:1937 - Initializing MCU STM32F103C8Tx STM32F103C8Tx 
2023-04-04 17:46:25,023 [INFO] Mcu:1950 - No CPN specified => set CPN to STM32F103C8T6
2023-04-04 17:46:28,292 [INFO] Context:659 - Trying to add GPIOservice into a context  which must be forbidden
2023-04-04 17:46:29,561 [INFO] ImportTextPane:194 - (OptionalMessage_ERROR) Unable to find key (Mcu.ThirdPartyNb) in loaded IOC file
2023-04-04 17:46:29,561 [INFO] ImportTextPane:194 - (OptionalMessage_ERROR) Unable to find key (Mcu.PinsNb) in loaded IOC file
2023-04-04 17:46:29,561 [INFO] ImportTextPane:194 - (OptionalMessage_ERROR) Unable to find key (Mcu.IPNb) in loaded IOC file
2023-04-04 17:46:29,809 [INFO] RtosManager:555 - Registered RTOS mode: class=CMSIS, group=RTOS, mode=CMSIS_V1, owner=FREERTOS
2023-04-04 17:46:29,809 [INFO] RtosManager:555 - Registered RTOS mode: class=CMSIS, group=RTOS2, mode=CMSIS_V2, owner=FREERTOS
2023-04-04 17:46:29,809 [INFO] RtosManager:555 - Registered RTOS mode: class=RTOS, group=Core, mode=CMSIS_V1, owner=FREERTOS
2023-04-04 17:46:29,809 [INFO] RtosManager:555 - Registered RTOS mode: class=RTOS, group=Core, mode=CMSIS_V2, owner=FREERTOS
2023-04-04 17:46:29,810 [WARN] ModelIntegratedComponent:184 - Missing modes for component STMicroelectronics:FreeRTOS:0.0.1:STMicroelectronics:RTOS:FreeRTOS:Core:::10.2.0:
2023-04-04 17:46:29,873 [WARN] ModelIntegratedComponent:63 - No mode defined for component null
2023-04-04 17:46:29,873 [WARN] ModelIntegratedComponent:63 - No mode defined for component null
2023-04-04 17:46:29,874 [WARN] ModelIntegratedComponent:63 - No mode defined for component null
2023-04-04 17:46:29,874 [WARN] ModelIntegratedComponent:63 - No mode defined for component null
2023-04-04 17:46:29,875 [WARN] ModelIntegratedComponent:63 - No mode defined for component null
2023-04-04 17:46:29,875 [WARN] ModelIntegratedComponent:63 - No mode defined for component null
2023-04-04 17:46:29,875 [WARN] ModelIntegratedComponent:63 - No mode defined for component null
2023-04-04 17:46:29,875 [WARN] ModelIntegratedComponent:63 - No mode defined for component null
2023-04-04 17:46:29,875 [WARN] ModelIntegratedComponent:63 - No mode defined for component null
2023-04-04 17:46:29,875 [WARN] ModelIntegratedComponent:63 - No mode defined for component null
2023-04-04 17:46:29,876 [WARN] ModelIntegratedComponent:63 - No mode defined for component null
2023-04-04 17:46:29,876 [WARN] ModelIntegratedComponent:63 - No mode defined for component null
2023-04-04 17:46:29,876 [WARN] ModelIntegratedComponent:63 - No mode defined for component null
2023-04-04 17:46:29,876 [WARN] ModelIntegratedComponent:63 - No mode defined for component null
2023-04-04 17:46:29,876 [WARN] ModelIntegratedComponent:63 - No mode defined for component null
2023-04-04 17:46:29,876 [WARN] ModelIntegratedComponent:63 - No mode defined for component null
2023-04-04 17:46:29,876 [WARN] ModelIntegratedComponent:63 - No mode defined for component null
2023-04-04 17:46:29,877 [WARN] ModelIntegratedComponent:63 - No mode defined for component null
2023-04-04 17:46:29,877 [WARN] ModelIntegratedComponent:63 - No mode defined for component null
2023-04-04 17:46:29,877 [WARN] ModelIntegratedComponent:63 - No mode defined for component null
2023-04-04 17:46:29,877 [WARN] ModelIntegratedComponent:63 - No mode defined for component null
2023-04-04 17:46:29,877 [WARN] ModelIntegratedComponent:63 - No mode defined for component null
2023-04-04 17:46:29,878 [WARN] ModelIntegratedComponent:63 - No mode defined for component null
2023-04-04 17:46:29,878 [WARN] ModelIntegratedComponent:63 - No mode defined for component null
2023-04-04 17:46:29,878 [WARN] ModelIntegratedComponent:63 - No mode defined for component null
2023-04-04 17:46:29,879 [WARN] ModelIntegratedComponent:63 - No mode defined for component null
2023-04-04 17:46:29,879 [WARN] ModelIntegratedComponent:63 - No mode defined for component null
2023-04-04 17:46:29,879 [WARN] ModelIntegratedComponent:63 - No mode defined for component null
2023-04-04 17:46:29,880 [WARN] ModelIntegratedComponent:63 - No mode defined for component null
2023-04-04 17:46:29,880 [WARN] ModelIntegratedComponent:63 - No mode defined for component null
2023-04-04 17:46:29,880 [WARN] ModelIntegratedComponent:63 - No mode defined for component null
2023-04-04 17:46:29,880 [WARN] ModelIntegratedComponent:63 - No mode defined for component null
2023-04-04 17:46:29,881 [WARN] ModelIntegratedComponent:63 - No mode defined for component null
2023-04-04 17:46:31,093 [INFO] ThirdPartyModel:298 - Start build external matchings
2023-04-04 17:46:32,824 [INFO] ThirdPartyModel:316 - End build external matchings
2023-04-04 17:46:33,280 [INFO] UtilMem:75 - End LoadConfig() Used Memory: 265360344 Bytes (617611264)
2023-04-04 17:46:33,311 [WARN] ThirdParty:833 - waiting for thirdparty lock release [change project]
2023-04-04 17:46:33,312 [INFO] ThirdParty:835 - entering critical section [change project]
2023-04-04 17:46:33,313 [INFO] ThirdParty:1030 - CMSIS Pack Vendor :STMicroelectronics X-CUBE-ISPU 1.1.0
2023-04-04 17:46:33,313 [INFO] ThirdParty:1030 - CMSIS Pack Vendor :RoweBots I-CUBE-UNISONRTOS 5.5.0-4
2023-04-04 17:46:33,313 [INFO] ThirdParty:1030 - CMSIS Pack Vendor :STMicroelectronics X-CUBE-GNSS1 6.0.0
2023-04-04 17:46:33,314 [INFO] ThirdParty:1030 - CMSIS Pack Vendor :STMicroelectronics USB_HOST 2.0.0
2023-04-04 17:46:33,315 [INFO] ThirdParty:1030 - CMSIS Pack Vendor :STMicroelectronics X-CUBE-AZRTOS-F4 1.1.0
2023-04-04 17:46:33,316 [INFO] ThirdParty:1030 - CMSIS Pack Vendor :STMicroelectronics LIBJPEG 8.0.0
2023-04-04 17:46:33,316 [INFO] ThirdParty:1030 - CMSIS Pack Vendor :wolfSSL I-CUBE-wolfSSL 5.6.0
2023-04-04 17:46:33,317 [INFO] ThirdParty:1030 - CMSIS Pack Vendor :STMicroelectronics USB_DEVICE 3.0.0
2023-04-04 17:46:33,317 [INFO] ThirdParty:1030 - CMSIS Pack Vendor :STMicroelectronics X-CUBE-AI 8.0.0
2023-04-04 17:46:33,317 [INFO] ThirdParty:1030 - CMSIS Pack Vendor :STMicroelectronics X-CUBE-FREERTOS 1.0.0
2023-04-04 17:46:33,317 [INFO] ThirdParty:1030 - CMSIS Pack Vendor :STMicroelectronics X-CUBE-TOUCHGFX 4.21.3
2023-04-04 17:46:33,317 [INFO] ThirdParty:1030 - CMSIS Pack Vendor :STMicroelectronics X-CUBE-AZRTOS-F7 1.1.0
2023-04-04 17:46:33,317 [INFO] ThirdParty:1030 - CMSIS Pack Vendor :STMicroelectronics USB_DEVICE 2.0.0
2023-04-04 17:46:33,318 [INFO] ThirdParty:1030 - CMSIS Pack Vendor :STMicroelectronics X-CUBE-ALGOBUILD 1.3.0
2023-04-04 17:46:33,318 [INFO] ThirdParty:1030 - CMSIS Pack Vendor :STMicroelectronics X-CUBE-BLE1 6.2.4
2023-04-04 17:46:33,318 [INFO] ThirdParty:1030 - CMSIS Pack Vendor :STMicroelectronics X-CUBE-AZRTOS-L5 1.1.0
2023-04-04 17:46:33,318 [INFO] ThirdParty:1030 - CMSIS Pack Vendor :STMicroelectronics FreeRTOS 0.0.1
2023-04-04 17:46:33,318 [INFO] ThirdParty:1030 - CMSIS Pack Vendor :emotas I-CUBE-CANOPEN 1.1.3
2023-04-04 17:46:33,318 [INFO] ThirdParty:1030 - CMSIS Pack Vendor :STMicroelectronics X-CUBE-AZRTOS-G0 1.1.0
2023-04-04 17:46:33,319 [INFO] ThirdParty:1030 - CMSIS Pack Vendor :STMicroelectronics X-CUBE-BLEMGR 2.0.0
2023-04-04 17:46:33,319 [INFO] ThirdParty:1030 - CMSIS Pack Vendor :STMicroelectronics X-CUBE-SUBG2 5.0.0
2023-04-04 17:46:33,319 [INFO] ThirdParty:1030 - CMSIS Pack Vendor :STMicroelectronics X-CUBE-NFC4 3.0.0
2023-04-04 17:46:33,319 [INFO] ThirdParty:1030 - CMSIS Pack Vendor :STMicroelectronics STM32_WPAN 1.0.0
2023-04-04 17:46:33,319 [INFO] ThirdParty:1030 - CMSIS Pack Vendor :STMicroelectronics lwIP 2.0.3
2023-04-04 17:46:33,320 [INFO] ThirdParty:1030 - CMSIS Pack Vendor :STMicroelectronics USB_HOST 1.0.0
2023-04-04 17:46:33,320 [INFO] ThirdParty:1030 - CMSIS Pack Vendor :STMicroelectronics PDM2PCM 3.1.0
2023-04-04 17:46:33,320 [INFO] ThirdParty:1030 - CMSIS Pack Vendor :STMicroelectronics X-CUBE-TOF1 3.3.0
2023-04-04 17:46:33,320 [INFO] ThirdParty:1030 - CMSIS Pack Vendor :STMicroelectronics FP-ATR-ASTRA1 1.1.1
2023-04-04 17:46:33,320 [INFO] ThirdParty:1030 - CMSIS Pack Vendor :STMicroelectronics PDM2PCM 3.3.0
2023-04-04 17:46:33,320 [INFO] ThirdParty:1030 - CMSIS Pack Vendor :STMicroelectronics X-CUBE-DISPLAY 3.0.0
2023-04-04 17:46:33,320 [INFO] ThirdParty:1030 - CMSIS Pack Vendor :STMicroelectronics X-CUBE-AZRTOS-G4 1.0.0
2023-04-04 17:46:33,320 [INFO] ThirdParty:1030 - CMSIS Pack Vendor :STMicroelectronics FP-ATR-SIGFOX1 3.2.0
2023-04-04 17:46:33,320 [INFO] ThirdParty:1030 - CMSIS Pack Vendor :STMicroelectronics X-CUBE-AZRTOS-L4 1.0.0
2023-04-04 17:46:33,321 [INFO] ThirdParty:1030 - CMSIS Pack Vendor :STMicroelectronics HAL Drivers 0.0.0
2023-04-04 17:46:33,321 [INFO] ThirdParty:1030 - CMSIS Pack Vendor :STMicroelectronics MBEDTLS 2.16.2
2023-04-04 17:46:33,321 [INFO] ThirdParty:1030 - CMSIS Pack Vendor :STMicroelectronics MBEDTLS 2.14.1
2023-04-04 17:46:33,321 [INFO] ThirdParty:1030 - CMSIS Pack Vendor :STMicroelectronics X-CUBE-NFC7 1.0.0
2023-04-04 17:46:33,321 [INFO] ThirdParty:1030 - CMSIS Pack Vendor :STMicroelectronics X-CUBE-AZRTOS-WL 1.0.0
2023-04-04 17:46:33,321 [INFO] ThirdParty:1030 - CMSIS Pack Vendor :STMicroelectronics X-CUBE-EEPRMA1 4.1.0
2023-04-04 17:46:33,322 [INFO] ThirdParty:1030 - CMSIS Pack Vendor :portGmbH I-Cube-SoM-uGOAL 1.1.0
2023-04-04 17:46:33,322 [INFO] ThirdParty:1030 - CMSIS Pack Vendor :STMicroelectronics X-CUBE-ALS 1.0.1
2023-04-04 17:46:33,322 [INFO] ThirdParty:1030 - CMSIS Pack Vendor :STMicroelectronics X-CUBE-MEMS1 9.5.0
2023-04-04 17:46:33,322 [INFO] ThirdParty:1030 - CMSIS Pack Vendor :STMicroelectronics ThreadX 1.0.0
2023-04-04 17:46:33,322 [INFO] ThirdParty:1030 - CMSIS Pack Vendor :STMicroelectronics X-CUBE-AZRTOS-WB 1.1.0
2023-04-04 17:46:33,322 [INFO] ThirdParty:1030 - CMSIS Pack Vendor :SEGGER I-CUBE-embOS 1.3.1
2023-04-04 17:46:33,322 [INFO] ThirdParty:1030 - CMSIS Pack Vendor :STMicroelectronics USB_DEVICE 1.0.0
2023-04-04 17:46:33,322 [INFO] ThirdParty:1030 - CMSIS Pack Vendor :STMicroelectronics ThreadX 0.0.2
2023-04-04 17:46:33,322 [INFO] ThirdParty:1030 - CMSIS Pack Vendor :WES I-CUBE-Cesium 1.3.0
2023-04-04 17:46:33,322 [INFO] ThirdParty:1030 - CMSIS Pack Vendor :STMicroelectronics lwIP 2.1.2
2023-04-04 17:46:33,322 [INFO] ThirdParty:1030 - CMSIS Pack Vendor :STMicroelectronics X-CUBE-SFXS2LP1 4.0.0
2023-04-04 17:46:33,322 [INFO] ThirdParty:1030 - CMSIS Pack Vendor :STMicroelectronics X-CUBE-BLE2 3.3.0
2023-04-04 17:46:33,322 [INFO] ThirdParty:1030 - CMSIS Pack Vendor :STMicroelectronics PDM2PCM 3.2.0
2023-04-04 17:46:33,323 [INFO] ThirdParty:1030 - CMSIS Pack Vendor :STMicroelectronics X-CUBE-AZRTOS-H7 3.0.0
2023-04-04 17:46:33,323 [INFO] ThirdParty:841 - exiting critical section [change project]
2023-04-04 17:46:33,963 [INFO] PinOutPanel:1499 - setPackage(No Configuration,No Configuration)
2023-04-04 17:46:33,966 [INFO] PinOutPanel:1499 - setPackage(STM32F103C8Tx,LQFP48)
2023-04-04 17:46:35,468 [INFO] UtilMem:75 - Before build in PCC Used Memory: 180453032 Bytes (617611264)
2023-04-04 17:46:37,220 [INFO] UtilMem:75 - After build in PCC Used Memory: 321135656 Bytes (617611264)
2023-04-04 17:46:37,309 [INFO] IPUIPlugin:80 - create IPUIPlugin
2023-04-04 17:46:37,310 [INFO] IPUIPlugin:80 - create IPUIPlugin
2023-04-04 17:46:37,310 [INFO] IPUIPlugin:80 - create IPUIPlugin
2023-04-04 17:46:37,311 [INFO] IPUIPlugin:80 - create IPUIPlugin
2023-04-04 17:46:37,312 [INFO] IPUIPlugin:80 - create IPUIPlugin
2023-04-04 17:46:37,318 [INFO] IPUIPlugin:80 - create IPUIPlugin
2023-04-04 17:46:37,321 [INFO] IPUIPlugin:80 - create IPUIPlugin
2023-04-04 17:46:37,322 [INFO] IPUIPlugin:80 - create IPUIPlugin
2023-04-04 17:46:37,323 [INFO] IPUIPlugin:80 - create IPUIPlugin
2023-04-04 17:46:37,323 [INFO] IPUIPlugin:80 - create IPUIPlugin
2023-04-04 17:46:37,324 [INFO] IPUIPlugin:80 - create IPUIPlugin
2023-04-04 17:46:37,324 [INFO] IPUIPlugin:80 - create IPUIPlugin
2023-04-04 17:46:37,325 [INFO] IPUIPlugin:80 - create IPUIPlugin
2023-04-04 17:46:37,326 [INFO] IPUIPlugin:80 - create IPUIPlugin
2023-04-04 17:46:37,326 [INFO] IPUIPlugin:80 - create IPUIPlugin
2023-04-04 17:46:37,327 [INFO] IPUIPlugin:80 - create IPUIPlugin
2023-04-04 17:46:37,327 [INFO] IPUIPlugin:80 - create IPUIPlugin
2023-04-04 17:46:37,327 [INFO] IPUIPlugin:80 - create IPUIPlugin
2023-04-04 17:46:37,328 [INFO] IPUIPlugin:80 - create IPUIPlugin
2023-04-04 17:46:37,328 [INFO] IPUIPlugin:80 - create IPUIPlugin
2023-04-04 17:46:37,328 [INFO] IPUIPlugin:80 - create IPUIPlugin
2023-04-04 17:46:37,329 [INFO] IPUIPlugin:80 - create IPUIPlugin
2023-04-04 17:46:37,329 [INFO] IPUIPlugin:80 - create IPUIPlugin
2023-04-04 17:46:37,330 [INFO] IPUIPlugin:80 - create IPUIPlugin
2023-04-04 17:46:37,331 [INFO] IPUIPlugin:80 - create IPUIPlugin
2023-04-04 17:46:37,333 [INFO] IPUIPlugin:80 - create IPUIPlugin
2023-04-04 17:46:37,334 [INFO] IPUIPlugin:80 - create IPUIPlugin
2023-04-04 17:46:37,945 [INFO] CADModel:165 - CPN selected for project levelSTM32F103C8T6
2023-04-04 17:46:37,946 [INFO] CADModel:114 - Register for checkConnection events
2023-04-04 17:46:38,046 [INFO] OpenFileManager:328 - Restore cursor
2023-04-04 17:46:39,225 [INFO] UtilMem:75 - End SaveConfig() Used Memory: 161185224 Bytes (617611264)
2023-04-04 17:46:39,373 [INFO] UtilMem:75 - End SaveConfig() Used Memory: 173241800 Bytes (617611264)
2023-04-04 17:46:40,622 [INFO] BlockDiagram:2759 - set Specific Code input for plugin: NVIC
2023-04-04 17:46:40,625 [INFO] BlockDiagram:2759 - set Specific Code input for plugin: RCC
2023-04-04 17:46:40,627 [INFO] CodeGenerator:793 - code generatio: config db path: /Applications/STM32CubeIDE.app/Contents/Eclipse/plugins/com.st.stm32cube.common.mx_6.8.0.202302231600//db/
2023-04-04 17:46:41,551 [INFO] CodeEngine:255 - oldGeneratedFile, /Users/ziadayman/Desktop/Master-CAN-TX-RX-Interrupt-Mechanicsm/Interrupt_Mechanism/MXTmpFiles/license.tmp_save
2023-04-04 17:46:42,597 [INFO] CodeEngine:279 - Generated code: /Users/ziadayman/Desktop/Master-CAN-TX-RX-Interrupt-Mechanicsm/Interrupt_Mechanism/MXTmpFiles/license.tmp
2023-04-04 17:46:42,629 [INFO] CodeEngine:255 - oldGeneratedFile, /Users/ziadayman/Desktop/Master-CAN-TX-RX-Interrupt-Mechanicsm/Interrupt_Mechanism/Core/Src/stm32f1xx_it.c_save
2023-04-04 17:46:43,028 [INFO] CodeEngine:279 - Generated code: /Users/ziadayman/Desktop/Master-CAN-TX-RX-Interrupt-Mechanicsm/Interrupt_Mechanism/Core/Src/stm32f1xx_it.c
2023-04-04 17:46:43,042 [INFO] CodeEngine:255 - oldGeneratedFile, /Users/ziadayman/Desktop/Master-CAN-TX-RX-Interrupt-Mechanicsm/Interrupt_Mechanism/Core/Inc/stm32f1xx_it.h_save
2023-04-04 17:46:43,579 [INFO] CodeEngine:279 - Generated code: /Users/ziadayman/Desktop/Master-CAN-TX-RX-Interrupt-Mechanicsm/Interrupt_Mechanism/Core/Inc/stm32f1xx_it.h
2023-04-04 17:46:43,822 [INFO] CodeEngine:255 - oldGeneratedFile, /Users/ziadayman/Desktop/Master-CAN-TX-RX-Interrupt-Mechanicsm/Interrupt_Mechanism/Core/Src/stm32f1xx_hal_msp.c_save
2023-04-04 17:46:44,080 [INFO] CodeEngine:279 - Generated code: /Users/ziadayman/Desktop/Master-CAN-TX-RX-Interrupt-Mechanicsm/Interrupt_Mechanism/Core/Src/stm32f1xx_hal_msp.c
2023-04-04 17:46:44,085 [INFO] CodeEngine:255 - oldGeneratedFile, /Users/ziadayman/Desktop/Master-CAN-TX-RX-Interrupt-Mechanicsm/Interrupt_Mechanism/MXTmpFiles/system.tmp_save
2023-04-04 17:46:44,324 [INFO] CodeEngine:279 - Generated code: /Users/ziadayman/Desktop/Master-CAN-TX-RX-Interrupt-Mechanicsm/Interrupt_Mechanism/MXTmpFiles/system.tmp
2023-04-04 17:46:44,336 [INFO] CodeEngine:311 - oldGeneratedFile, /Users/ziadayman/Desktop/Master-CAN-TX-RX-Interrupt-Mechanicsm/Interrupt_Mechanism/Core/Inc/stm32f1xx_hal_conf.h_save
2023-04-04 17:46:44,639 [INFO] CodeEngine:335 - Generated code: /Users/ziadayman/Desktop/Master-CAN-TX-RX-Interrupt-Mechanicsm/Interrupt_Mechanism/Core/Inc/stm32f1xx_hal_conf.h
2023-04-04 17:46:44,705 [INFO] CodeEngine:255 - oldGeneratedFile, /Users/ziadayman/Desktop/Master-CAN-TX-RX-Interrupt-Mechanicsm/Interrupt_Mechanism/Core/Inc/main.h_save
2023-04-04 17:46:44,977 [INFO] CodeEngine:279 - Generated code: /Users/ziadayman/Desktop/Master-CAN-TX-RX-Interrupt-Mechanicsm/Interrupt_Mechanism/Core/Inc/main.h
2023-04-04 17:46:44,985 [INFO] CodeEngine:255 - oldGeneratedFile, /Users/ziadayman/Desktop/Master-CAN-TX-RX-Interrupt-Mechanicsm/Interrupt_Mechanism/Core/Src/main.c_save
2023-04-04 17:46:45,285 [INFO] CodeEngine:279 - Generated code: /Users/ziadayman/Desktop/Master-CAN-TX-RX-Interrupt-Mechanicsm/Interrupt_Mechanism/Core/Src/main.c
2023-04-04 17:46:48,072 [INFO] ProjectBuilder:2996 - Time for Copy HAL[1] : 460mS.
2023-04-04 17:46:48,282 [INFO] ProjectBuilder:4304 - Project Generator version: 3.19.2
2023-04-04 17:46:49,993 [INFO] ConfigFileManager:1483 - The Die is : DIE410
2023-04-04 17:46:50,077 [INFO] ApiDbMcu:507 - Load IP Config File for FATFS
2023-04-04 17:46:50,298 [INFO] ApiDbMcu:507 - Load IP Config File for FREERTOS
2023-04-04 17:46:50,463 [INFO] ApiDbMcu:507 - Load IP Config File for USB_DEVICE
2023-04-04 17:46:54,475 [INFO] LogOutputStream:77 - [STDOUT_REDIRECT] 
2023-04-04 17:47:02,055 [INFO] ProjectBuilder:4505 - Time for Generating toolchain IDE Files: 13759mS.
2023-04-04 17:47:02,059 [INFO] ProjectBuilder:2867 - Time for Copy CMSIS : 2mS.
2023-04-04 17:47:02,062 [INFO] ProjectBuilder:2867 - Time for Copy CMSIS : 0mS.
2023-04-04 17:47:03,770 [INFO] McuFinderGlobals:66 - Set McuFinderConnectedMode to true
2023-04-04 17:47:03,779 [INFO] ApiDb:448 - Save user favorites file /Users/ziadayman/.stm32cubeide/favorites.mcus.txt: 1 item(s)
2023-04-04 17:47:03,780 [INFO] ApiDb:452 - User favorites MCUs=[STM32F103C8T6]
2023-04-04 17:47:27,218 [INFO] Can:71 - Can Add PropertyChangeListener com.st.microxplorer.plugins.ip.can.Can@616f583a
2023-04-04 17:47:31,078 [INFO] NvicIntPanel:101 - NVIC parent = com.st.microxplorer.plugins.ip.nvic.MultiNvicIntPanel[,0,0,0x0,invalid,layout=javax.swing.BoxLayout,alignmentX=0.0,alignmentY=0.0,border=,flags=9,maximumSize=,minimumSize=,preferredSize=]
2023-04-04 17:47:33,393 [INFO] NvicIntPanel:101 - NVIC parent = com.st.microxplorer.plugins.ip.nvic.MultiNvicIntPanel[,0,0,0x0,invalid,layout=javax.swing.BoxLayout,alignmentX=0.0,alignmentY=0.0,border=,flags=9,maximumSize=,minimumSize=,preferredSize=]
2023-04-04 17:47:33,583 [INFO] NvicIntPanel:101 - NVIC parent = com.st.microxplorer.plugins.ip.nvic.MultiNvicIntPanel[,0,0,0x0,invalid,layout=javax.swing.BoxLayout,alignmentX=0.0,alignmentY=0.0,border=,flags=9,maximumSize=,minimumSize=,preferredSize=]
2023-04-04 17:47:59,793 [INFO] NvicIntPanel:101 - NVIC parent = com.st.microxplorer.plugins.ip.nvic.MultiNvicIntPanel[,0,0,0x0,invalid,layout=javax.swing.BoxLayout,alignmentX=0.0,alignmentY=0.0,border=,flags=9,maximumSize=,minimumSize=,preferredSize=]
2023-04-04 17:48:00,449 [INFO] NvicIntPanel:101 - NVIC parent = com.st.microxplorer.plugins.ip.nvic.MultiNvicIntPanel[,0,0,0x0,invalid,layout=javax.swing.BoxLayout,alignmentX=0.0,alignmentY=0.0,border=,flags=9,maximumSize=,minimumSize=,preferredSize=]
2023-04-04 17:48:01,705 [INFO] NvicIntPanel:101 - NVIC parent = com.st.microxplorer.plugins.ip.nvic.MultiNvicIntPanel[,0,0,0x0,invalid,layout=javax.swing.BoxLayout,alignmentX=0.0,alignmentY=0.0,border=,flags=9,maximumSize=,minimumSize=,preferredSize=]
2023-04-04 17:48:11,517 [INFO] UtilMem:75 - End SaveConfig() Used Memory: 256351248 Bytes (542113792)
2023-04-04 17:48:13,844 [INFO] UtilMem:75 - End SaveConfig() Used Memory: 277437760 Bytes (542113792)
2023-04-04 17:48:19,138 [INFO] UtilMem:75 - End SaveConfig() Used Memory: 237473088 Bytes (542113792)
2023-04-04 17:48:20,004 [INFO] BlockDiagram:2759 - set Specific Code input for plugin: NVIC
2023-04-04 17:48:20,004 [INFO] BlockDiagram:2759 - set Specific Code input for plugin: SYS
2023-04-04 17:48:20,005 [INFO] BlockDiagram:2759 - set Specific Code input for plugin: GPIO
2023-04-04 17:48:20,005 [INFO] BlockDiagram:2759 - set Specific Code input for plugin: CAN
2023-04-04 17:48:20,005 [INFO] BlockDiagram:2759 - set Specific Code input for plugin: RCC
2023-04-04 17:48:20,007 [INFO] CodeGenerator:793 - code generatio: config db path: /Applications/STM32CubeIDE.app/Contents/Eclipse/plugins/com.st.stm32cube.common.mx_6.8.0.202302231600//db/
2023-04-04 17:48:20,753 [INFO] CodeEngine:255 - oldGeneratedFile, /Users/ziadayman/Desktop/Master-CAN-TX-RX-Interrupt-Mechanicsm/Interrupt_Mechanism/MXTmpFiles/license.tmp_save
2023-04-04 17:48:21,013 [INFO] CodeEngine:279 - Generated code: /Users/ziadayman/Desktop/Master-CAN-TX-RX-Interrupt-Mechanicsm/Interrupt_Mechanism/MXTmpFiles/license.tmp
2023-04-04 17:48:21,112 [INFO] CodeEngine:255 - oldGeneratedFile, /Users/ziadayman/Desktop/Master-CAN-TX-RX-Interrupt-Mechanicsm/Interrupt_Mechanism/MXTmpFiles/gpio.tmp_save
2023-04-04 17:48:21,443 [INFO] CodeEngine:279 - Generated code: /Users/ziadayman/Desktop/Master-CAN-TX-RX-Interrupt-Mechanicsm/Interrupt_Mechanism/MXTmpFiles/gpio.tmp
2023-04-04 17:48:21,547 [INFO] CodeEngine:255 - oldGeneratedFile, /Users/ziadayman/Desktop/Master-CAN-TX-RX-Interrupt-Mechanicsm/Interrupt_Mechanism/Core/Src/stm32f1xx_it.c_save
2023-04-04 17:48:21,825 [INFO] CodeEngine:279 - Generated code: /Users/ziadayman/Desktop/Master-CAN-TX-RX-Interrupt-Mechanicsm/Interrupt_Mechanism/Core/Src/stm32f1xx_it.c
2023-04-04 17:48:21,833 [INFO] CodeEngine:255 - oldGeneratedFile, /Users/ziadayman/Desktop/Master-CAN-TX-RX-Interrupt-Mechanicsm/Interrupt_Mechanism/Core/Inc/stm32f1xx_it.h_save
2023-04-04 17:48:22,005 [INFO] CodeEngine:279 - Generated code: /Users/ziadayman/Desktop/Master-CAN-TX-RX-Interrupt-Mechanicsm/Interrupt_Mechanism/Core/Inc/stm32f1xx_it.h
2023-04-04 17:48:22,018 [INFO] CodeEngine:255 - oldGeneratedFile, /Users/ziadayman/Desktop/Master-CAN-TX-RX-Interrupt-Mechanicsm/Interrupt_Mechanism/Core/Src/stm32f1xx_hal_msp.c_save
2023-04-04 17:48:22,283 [INFO] CodeEngine:279 - Generated code: /Users/ziadayman/Desktop/Master-CAN-TX-RX-Interrupt-Mechanicsm/Interrupt_Mechanism/Core/Src/stm32f1xx_hal_msp.c
2023-04-04 17:48:22,289 [INFO] CodeEngine:255 - oldGeneratedFile, /Users/ziadayman/Desktop/Master-CAN-TX-RX-Interrupt-Mechanicsm/Interrupt_Mechanism/MXTmpFiles/system.tmp_save
2023-04-04 17:48:22,488 [INFO] CodeEngine:279 - Generated code: /Users/ziadayman/Desktop/Master-CAN-TX-RX-Interrupt-Mechanicsm/Interrupt_Mechanism/MXTmpFiles/system.tmp
2023-04-04 17:48:22,501 [INFO] CodeEngine:311 - oldGeneratedFile, /Users/ziadayman/Desktop/Master-CAN-TX-RX-Interrupt-Mechanicsm/Interrupt_Mechanism/Core/Inc/stm32f1xx_hal_conf.h_save
2023-04-04 17:48:22,752 [INFO] CodeEngine:335 - Generated code: /Users/ziadayman/Desktop/Master-CAN-TX-RX-Interrupt-Mechanicsm/Interrupt_Mechanism/Core/Inc/stm32f1xx_hal_conf.h
2023-04-04 17:48:23,036 [INFO] CodeEngine:255 - oldGeneratedFile, /Users/ziadayman/Desktop/Master-CAN-TX-RX-Interrupt-Mechanicsm/Interrupt_Mechanism/Core/Inc/main.h_save
2023-04-04 17:48:23,162 [INFO] CodeEngine:279 - Generated code: /Users/ziadayman/Desktop/Master-CAN-TX-RX-Interrupt-Mechanicsm/Interrupt_Mechanism/Core/Inc/main.h
2023-04-04 17:48:23,168 [INFO] CodeEngine:255 - oldGeneratedFile, /Users/ziadayman/Desktop/Master-CAN-TX-RX-Interrupt-Mechanicsm/Interrupt_Mechanism/Core/Src/main.c_save
2023-04-04 17:48:23,461 [INFO] CodeEngine:279 - Generated code: /Users/ziadayman/Desktop/Master-CAN-TX-RX-Interrupt-Mechanicsm/Interrupt_Mechanism/Core/Src/main.c
2023-04-04 17:48:25,432 [INFO] ProjectBuilder:2996 - Time for Copy HAL[1] : 346mS.
2023-04-04 17:48:25,438 [INFO] ProjectBuilder:4304 - Project Generator version: 3.19.2
2023-04-04 17:48:27,570 [INFO] ConfigFileManager:1483 - The Die is : DIE410
2023-04-04 17:48:34,339 [INFO] ProjectBuilder:4505 - Time for Generating toolchain IDE Files: 8901mS.
2023-04-04 17:48:34,340 [INFO] ProjectBuilder:2867 - Time for Copy CMSIS : 0mS.
2023-04-04 17:48:34,341 [INFO] ProjectBuilder:2867 - Time for Copy CMSIS : 0mS.
